[26/Mar/2018 13:09:28] "GET /admin HTTP/1.1" 301 0
[26/Mar/2018 13:09:28] "GET /admin/ HTTP/1.1" 200 8082
Not Found: /favicon.ico
[26/Mar/2018 13:09:29] "GET /favicon.ico HTTP/1.1" 404 2183
[26/Mar/2018 13:10:26] "GET /admin/query/stubinfo/ HTTP/1.1" 200 3642
[26/Mar/2018 13:10:26] "GET /admin/jsi18n/ HTTP/1.1" 200 7684
Not Found: /favicon.ico
[26/Mar/2018 13:10:26] "GET /favicon.ico HTTP/1.1" 404 2183
[26/Mar/2018 13:10:27] "GET /admin/ HTTP/1.1" 200 8082
Not Found: /favicon.ico
[26/Mar/2018 13:10:27] "GET /favicon.ico HTTP/1.1" 404 2183
[26/Mar/2018 13:10:28] "GET /admin/query/boardinfo/ HTTP/1.1" 200 3318
[26/Mar/2018 13:10:28] "GET /admin/jsi18n/ HTTP/1.1" 200 7684
Not Found: /favicon.ico
[26/Mar/2018 13:10:28] "GET /favicon.ico HTTP/1.1" 404 2183
[26/Mar/2018 13:10:30] "GET /admin/ HTTP/1.1" 200 8082
Not Found: /favicon.ico
[26/Mar/2018 13:10:30] "GET /favicon.ico HTTP/1.1" 404 2183
[26/Mar/2018 13:10:32] "GET /admin/query/record/ HTTP/1.1" 200 3623
[26/Mar/2018 13:10:32] "GET /admin/jsi18n/ HTTP/1.1" 200 7684
Not Found: /favicon.ico
[26/Mar/2018 13:10:32] "GET /favicon.ico HTTP/1.1" 404 2183
[26/Mar/2018 13:11:41] "GET /admin HTTP/1.1" 301 0
[26/Mar/2018 13:11:41] "GET /admin/ HTTP/1.1" 302 0
[26/Mar/2018 13:11:41] "GET /admin/login/?next=/admin/ HTTP/1.1" 200 1877
[26/Mar/2018 13:11:54] "GET /admin HTTP/1.1" 301 0
[26/Mar/2018 13:11:55] "GET /admin/ HTTP/1.1" 302 0
[26/Mar/2018 13:11:55] "GET /admin/login/?next=/admin/ HTTP/1.1" 200 1877
[26/Mar/2018 13:11:55] "GET /static/admin/css/base.css HTTP/1.1" 200 16106
[26/Mar/2018 13:11:55] "GET /static/admin/css/responsive.css HTTP/1.1" 200 17894
[26/Mar/2018 13:11:55] "GET /static/admin/css/login.css HTTP/1.1" 200 1203
[26/Mar/2018 13:11:55] "GET /static/admin/css/fonts.css HTTP/1.1" 200 423
[26/Mar/2018 13:11:55] "GET /static/admin/fonts/Roboto-Regular-webfont.woff HTTP/1.1" 200 80304
[26/Mar/2018 13:11:55] "GET /static/admin/fonts/Roboto-Light-webfont.woff HTTP/1.1" 200 81348
[26/Mar/2018 13:11:55] "GET /static/admin/fonts/Roboto-Bold-webfont.woff HTTP/1.1" 200 82564
Not Found: /
[26/Mar/2018 13:30:48] "GET / HTTP/1.1" 404 2132
Not Found: /favicon.ico
[26/Mar/2018 13:30:48] "GET /favicon.ico HTTP/1.1" 404 2183
[26/Mar/2018 13:30:54] "GET /admin/ HTTP/1.1" 200 8082
Not Found: /favicon.ico
[26/Mar/2018 13:30:54] "GET /favicon.ico HTTP/1.1" 404 2183
[26/Mar/2018 13:30:59] "GET /admin/logout/ HTTP/1.1" 200 1236
Not Found: /favicon.ico
[26/Mar/2018 13:30:59] "GET /favicon.ico HTTP/1.1" 404 2183
[26/Mar/2018 13:31:01] "GET /admin/ HTTP/1.1" 302 0
[26/Mar/2018 13:31:01] "GET /admin/login/?next=/admin/ HTTP/1.1" 200 1877
Not Found: /favicon.ico
[26/Mar/2018 13:31:01] "GET /favicon.ico HTTP/1.1" 404 2183
[26/Mar/2018 13:31:14] "POST /admin/login/?next=/admin/ HTTP/1.1" 302 0
[26/Mar/2018 13:31:14] "GET /admin/ HTTP/1.1" 200 3415
Not Found: /favicon.ico
[26/Mar/2018 13:31:14] "GET /favicon.ico HTTP/1.1" 404 2183
[26/Mar/2018 13:31:16] "GET /admin/query/record/ HTTP/1.1" 200 3630
[26/Mar/2018 13:31:16] "GET /admin/jsi18n/ HTTP/1.1" 200 7684
Not Found: /favicon.ico
[26/Mar/2018 13:31:16] "GET /favicon.ico HTTP/1.1" 404 2183
[26/Mar/2018 13:31:19] "GET /admin/ HTTP/1.1" 200 3415
Not Found: /favicon.ico
[26/Mar/2018 13:31:19] "GET /favicon.ico HTTP/1.1" 404 2183
[26/Mar/2018 13:31:20] "GET /admin/query/boardinfo/ HTTP/1.1" 200 3325
[26/Mar/2018 13:31:20] "GET /admin/jsi18n/ HTTP/1.1" 200 7684
Not Found: /favicon.ico
[26/Mar/2018 13:31:20] "GET /favicon.ico HTTP/1.1" 404 2183
[26/Mar/2018 13:31:22] "GET /admin/ HTTP/1.1" 200 3415
Not Found: /favicon.ico
[26/Mar/2018 13:31:22] "GET /favicon.ico HTTP/1.1" 404 2183
[26/Mar/2018 13:31:23] "GET /admin/query/stubinfo/ HTTP/1.1" 200 3649
[26/Mar/2018 13:31:23] "GET /admin/jsi18n/ HTTP/1.1" 200 7684
Not Found: /favicon.ico
[26/Mar/2018 13:31:23] "GET /favicon.ico HTTP/1.1" 404 2183
[26/Mar/2018 13:31:25] "GET /admin/ HTTP/1.1" 200 3415
Not Found: /favicon.ico
[26/Mar/2018 13:31:25] "GET /favicon.ico HTTP/1.1" 404 2183
[26/Mar/2018 13:48:41] "GET /admin/query/record/ HTTP/1.1" 200 3630
[26/Mar/2018 13:48:41] "GET /admin/jsi18n/ HTTP/1.1" 200 7684
Not Found: /favicon.ico
[26/Mar/2018 13:48:41] "GET /favicon.ico HTTP/1.1" 404 2183
[26/Mar/2018 13:48:43] "GET /admin/ HTTP/1.1" 200 3415
Not Found: /favicon.ico
[26/Mar/2018 13:48:43] "GET /favicon.ico HTTP/1.1" 404 2183
[26/Mar/2018 13:50:08] "GET /admin HTTP/1.1" 301 0
[26/Mar/2018 13:50:08] "GET /admin/ HTTP/1.1" 302 0
[26/Mar/2018 13:50:08] "GET /admin/login/?next=/admin/ HTTP/1.1" 200 1877
[26/Mar/2018 13:50:08] "GET /static/admin/css/base.css HTTP/1.1" 200 16106
[26/Mar/2018 13:50:08] "GET /static/admin/css/login.css HTTP/1.1" 200 1203
[26/Mar/2018 13:50:08] "GET /static/admin/css/responsive.css HTTP/1.1" 200 17894
[26/Mar/2018 13:50:08] "GET /static/admin/css/fonts.css HTTP/1.1" 200 423
Not Found: /favicon.ico
[26/Mar/2018 13:50:08] "GET /favicon.ico HTTP/1.1" 404 2183
[26/Mar/2018 13:50:08] "GET /static/admin/fonts/Roboto-Regular-webfont.woff HTTP/1.1" 200 80304
[26/Mar/2018 13:50:09] "GET /static/admin/fonts/Roboto-Light-webfont.woff HTTP/1.1" 200 81348
[26/Mar/2018 13:50:18] "POST /admin/login/?next=/admin/ HTTP/1.1" 302 0
[26/Mar/2018 13:50:18] "GET /admin/ HTTP/1.1" 200 3415
[26/Mar/2018 13:50:18] "GET /static/admin/css/dashboard.css HTTP/1.1" 200 412
[26/Mar/2018 13:50:18] "GET /static/admin/img/icon-addlink.svg HTTP/1.1" 200 331
[26/Mar/2018 13:50:18] "GET /static/admin/img/icon-changelink.svg HTTP/1.1" 200 380
[26/Mar/2018 13:50:18] "GET /static/admin/fonts/Roboto-Bold-webfont.woff HTTP/1.1" 200 82564
[26/Mar/2018 13:50:23] "GET /admin/query/record/ HTTP/1.1" 200 3630
[26/Mar/2018 13:50:23] "GET /static/admin/css/changelists.css HTTP/1.1" 200 6170
[26/Mar/2018 13:50:23] "GET /admin/jsi18n/ HTTP/1.1" 200 7684
[26/Mar/2018 13:50:23] "GET /static/admin/js/jquery.init.js HTTP/1.1" 200 363
[26/Mar/2018 13:50:23] "GET /static/admin/js/admin/RelatedObjectLookups.js HTTP/1.1" 200 6897
[26/Mar/2018 13:50:23] "GET /static/admin/js/core.js HTTP/1.1" 200 7134
[26/Mar/2018 13:50:23] "GET /static/admin/js/actions.js HTTP/1.1" 200 6502
[26/Mar/2018 13:50:23] "GET /static/admin/js/urlify.js HTTP/1.1" 200 8729
[26/Mar/2018 13:50:23] "GET /static/admin/js/prepopulate.js HTTP/1.1" 200 1538
[26/Mar/2018 13:50:24] "GET /static/admin/js/vendor/xregexp/xregexp.js HTTP/1.1" 200 128820
[26/Mar/2018 13:50:24] "GET /static/admin/img/search.svg HTTP/1.1" 200 458
[26/Mar/2018 13:50:25] "GET /static/admin/js/vendor/jquery/jquery.js HTTP/1.1" 200 258648
[26/Mar/2018 13:50:25] "GET /static/admin/img/tooltag-add.svg HTTP/1.1" 200 331
[26/Mar/2018 13:50:29] "GET /admin/query/record/add/ HTTP/1.1" 200 7992
[26/Mar/2018 13:50:29] "GET /static/admin/css/forms.css HTTP/1.1" 200 8173
[26/Mar/2018 13:50:29] "GET /static/admin/js/calendar.js HTTP/1.1" 200 7777
[26/Mar/2018 13:50:29] "GET /static/admin/js/admin/DateTimeShortcuts.js HTTP/1.1" 200 20283
[26/Mar/2018 13:50:29] "GET /static/admin/js/prepopulate_init.js HTTP/1.1" 200 495
[26/Mar/2018 13:50:29] "GET /admin/jsi18n/ HTTP/1.1" 200 7684
[26/Mar/2018 13:50:29] "GET /static/admin/js/change_form.js HTTP/1.1" 200 712
[26/Mar/2018 13:50:29] "GET /static/admin/css/widgets.css HTTP/1.1" 200 10340
[26/Mar/2018 13:50:29] "GET /static/admin/img/icon-clock.svg HTTP/1.1" 200 677
[26/Mar/2018 13:50:29] "GET /static/admin/img/icon-calendar.svg HTTP/1.1" 200 1086
[26/Mar/2018 13:50:32] "GET /admin/query/record/ HTTP/1.1" 200 3630
[26/Mar/2018 13:50:42] "GET /admin/ HTTP/1.1" 200 3415
[26/Mar/2018 13:50:58] "GET /admin/login/?next=/admin/ HTTP/1.1" 302 0
[26/Mar/2018 13:50:58] "GET /admin/ HTTP/1.1" 200 3415
[26/Mar/2018 14:53:55] "GET /admin/logout/ HTTP/1.1" 200 1236
Not Found: /favicon.ico
[26/Mar/2018 14:53:55] "GET /favicon.ico HTTP/1.1" 404 2183
[26/Mar/2018 14:53:59] "GET /admin/ HTTP/1.1" 302 0
[26/Mar/2018 14:53:59] "GET /admin/login/?next=/admin/ HTTP/1.1" 200 1877
Not Found: /favicon.ico
[26/Mar/2018 14:54:00] "GET /favicon.ico HTTP/1.1" 404 2183
Not Found: /
[26/Mar/2018 15:05:04] "GET / HTTP/1.1" 404 2132
[26/Mar/2018 16:33:38] "POST /query/stubinfo/ HTTP/1.1" 200 64
[26/Mar/2018 16:33:39] "POST /query/report/ HTTP/1.1" 200 68
[26/Mar/2018 16:34:13] "GET /admin/ HTTP/1.1" 200 3415
Not Found: /favicon.ico
[26/Mar/2018 16:34:13] "GET /favicon.ico HTTP/1.1" 404 2183
[26/Mar/2018 16:34:15] "GET /admin/query/record/ HTTP/1.1" 200 5738
[26/Mar/2018 16:34:15] "GET /admin/jsi18n/ HTTP/1.1" 200 7684
[26/Mar/2018 16:34:15] "GET /static/admin/img/icon-no.svg HTTP/1.1" 200 560
[26/Mar/2018 16:34:23] "GET /admin/query/record/9/change/ HTTP/1.1" 200 8372
[26/Mar/2018 16:34:23] "GET /admin/jsi18n/ HTTP/1.1" 200 7684
[26/Mar/2018 16:35:12] "GET /admin/ HTTP/1.1" 302 0
[26/Mar/2018 16:35:13] "GET /admin/login/?next=/admin/ HTTP/1.1" 200 1877
Not Found: /favicon.ico
[26/Mar/2018 16:35:14] "GET /favicon.ico HTTP/1.1" 404 2183
[26/Mar/2018 16:35:21] "POST /admin/login/?next=/admin/ HTTP/1.1" 302 0
[26/Mar/2018 16:35:21] "GET /admin/ HTTP/1.1" 200 8082
Not Found: /favicon.ico
[26/Mar/2018 16:35:21] "GET /favicon.ico HTTP/1.1" 404 2183
[26/Mar/2018 16:35:24] "GET /admin/query/record/ HTTP/1.1" 200 5731
[26/Mar/2018 16:35:24] "GET /admin/jsi18n/ HTTP/1.1" 200 7684
Not Found: /favicon.ico
[26/Mar/2018 16:35:24] "GET /favicon.ico HTTP/1.1" 404 2183
[26/Mar/2018 16:35:26] "GET /admin/query/record/9/change/ HTTP/1.1" 200 8365
[26/Mar/2018 16:35:26] "GET /admin/jsi18n/ HTTP/1.1" 200 7684
Not Found: /favicon.ico
[26/Mar/2018 16:35:26] "GET /favicon.ico HTTP/1.1" 404 2183
[26/Mar/2018 16:35:31] "GET /admin/query/record/ HTTP/1.1" 200 5738
[26/Mar/2018 16:35:34] "GET /admin/ HTTP/1.1" 200 3415
[26/Mar/2018 16:35:36] "GET /admin/query/record/ HTTP/1.1" 200 5738
[26/Mar/2018 16:35:37] "GET /admin/jsi18n/ HTTP/1.1" 200 7684
[26/Mar/2018 16:35:40] "GET /admin/query/record/9/change/ HTTP/1.1" 200 8372
[26/Mar/2018 16:35:40] "GET /admin/jsi18n/ HTTP/1.1" 200 7684
[26/Mar/2018 16:36:24] "POST /admin/query/record/9/change/ HTTP/1.1" 302 0
[26/Mar/2018 16:36:24] "GET /admin/query/record/ HTTP/1.1" 200 5935
[26/Mar/2018 16:36:25] "GET /admin/jsi18n/ HTTP/1.1" 200 7684
[26/Mar/2018 16:36:25] "GET /static/admin/img/icon-yes.svg HTTP/1.1" 200 436
[26/Mar/2018 16:36:27] "GET /admin/query/record/9/change/ HTTP/1.1" 200 8373
[26/Mar/2018 16:36:27] "GET /admin/jsi18n/ HTTP/1.1" 200 7684
[26/Mar/2018 16:36:33] "POST /admin/query/record/9/change/ HTTP/1.1" 302 0
[26/Mar/2018 16:36:33] "GET /admin/query/record/ HTTP/1.1" 200 5935
[26/Mar/2018 16:36:33] "GET /admin/jsi18n/ HTTP/1.1" 200 7684
[26/Mar/2018 16:36:35] "GET /admin/query/record/9/change/ HTTP/1.1" 200 8365
[26/Mar/2018 16:36:39] "GET /admin/query/ HTTP/1.1" 200 3263
[26/Mar/2018 16:36:40] "GET /admin/query/boardinfo/ HTTP/1.1" 200 3325
[26/Mar/2018 16:36:40] "GET /admin/jsi18n/ HTTP/1.1" 200 7684
[26/Mar/2018 16:36:42] "GET /admin/query/ HTTP/1.1" 200 3263
[26/Mar/2018 16:36:43] "GET /admin/query/stubinfo/ HTTP/1.1" 200 5266
[26/Mar/2018 16:36:43] "GET /admin/jsi18n/ HTTP/1.1" 200 7684
[26/Mar/2018 16:36:52] "GET /admin/query/ HTTP/1.1" 200 3263
[26/Mar/2018 16:37:22] "GET /admin/query/record/ HTTP/1.1" 200 5731
[26/Mar/2018 16:37:22] "GET /admin/jsi18n/ HTTP/1.1" 200 7684
Not Found: /favicon.ico
[26/Mar/2018 16:37:22] "GET /favicon.ico HTTP/1.1" 404 2183
[26/Mar/2018 16:37:24] "GET /admin/query/ HTTP/1.1" 200 3256
Not Found: /favicon.ico
[26/Mar/2018 16:37:25] "GET /favicon.ico HTTP/1.1" 404 2183
[26/Mar/2018 16:37:27] "GET /admin/query/stubinfo/ HTTP/1.1" 200 5259
[26/Mar/2018 16:37:27] "GET /admin/jsi18n/ HTTP/1.1" 200 7684
Not Found: /favicon.ico
[26/Mar/2018 16:37:27] "GET /favicon.ico HTTP/1.1" 404 2183
[26/Mar/2018 16:37:33] "GET /admin/query/stubinfo/?o=1 HTTP/1.1" 200 5590
[26/Mar/2018 16:37:33] "GET /admin/jsi18n/ HTTP/1.1" 200 7684
Not Found: /favicon.ico
[26/Mar/2018 16:37:33] "GET /favicon.ico HTTP/1.1" 404 2183
[26/Mar/2018 16:37:36] "GET /admin/query/stubinfo/ HTTP/1.1" 200 5259
[26/Mar/2018 16:37:36] "GET /admin/jsi18n/ HTTP/1.1" 200 7684
Not Found: /favicon.ico
[26/Mar/2018 16:37:36] "GET /favicon.ico HTTP/1.1" 404 2183
[26/Mar/2018 16:38:48] "GET /admin/query/record/ HTTP/1.1" 200 5738
[26/Mar/2018 16:38:48] "GET /admin/jsi18n/ HTTP/1.1" 200 7684
[26/Mar/2018 16:39:44] "GET /admin/query/ HTTP/1.1" 200 3256
Not Found: /favicon.ico
[26/Mar/2018 16:39:44] "GET /favicon.ico HTTP/1.1" 404 2183
[26/Mar/2018 17:19:51] "POST /query/stubinfo/ HTTP/1.1" 200 64
[26/Mar/2018 17:19:52] "POST /query/report/ HTTP/1.1" 200 68
[26/Mar/2018 17:20:03] "GET /admin/query/record/ HTTP/1.1" 200 5731
[26/Mar/2018 17:20:03] "GET /admin/jsi18n/ HTTP/1.1" 200 7684
Not Found: /favicon.ico
[26/Mar/2018 17:20:03] "GET /favicon.ico HTTP/1.1" 404 2183
[26/Mar/2018 17:20:05] "GET /admin/query/record/9/change/ HTTP/1.1" 200 8365
[26/Mar/2018 17:20:05] "GET /admin/jsi18n/ HTTP/1.1" 200 7684
Not Found: /favicon.ico
[26/Mar/2018 17:20:05] "GET /favicon.ico HTTP/1.1" 404 2183
[26/Mar/2018 17:20:08] "GET /admin/query/record/ HTTP/1.1" 200 5731
[26/Mar/2018 17:20:08] "GET /admin/jsi18n/ HTTP/1.1" 200 7684
Not Found: /favicon.ico
[26/Mar/2018 17:20:08] "GET /favicon.ico HTTP/1.1" 404 2183
[26/Mar/2018 17:20:09] "GET /admin/query/ HTTP/1.1" 200 3256
Not Found: /favicon.ico
[26/Mar/2018 17:20:09] "GET /favicon.ico HTTP/1.1" 404 2183
[26/Mar/2018 17:20:11] "GET /admin/query/stubinfo/ HTTP/1.1" 200 5583
[26/Mar/2018 17:20:11] "GET /admin/jsi18n/ HTTP/1.1" 200 7684
Not Found: /favicon.ico
[26/Mar/2018 17:20:11] "GET /favicon.ico HTTP/1.1" 404 2183
[26/Mar/2018 17:20:12] "GET /admin/query/stubinfo/3/change/ HTTP/1.1" 200 8647
[26/Mar/2018 17:20:12] "GET /admin/jsi18n/ HTTP/1.1" 200 7684
Not Found: /favicon.ico
[26/Mar/2018 17:20:12] "GET /favicon.ico HTTP/1.1" 404 2183
[26/Mar/2018 17:20:22] "GET /admin/query/stubinfo/ HTTP/1.1" 200 5583
[26/Mar/2018 17:20:22] "GET /admin/jsi18n/ HTTP/1.1" 200 7684
Not Found: /favicon.ico
[26/Mar/2018 17:20:22] "GET /favicon.ico HTTP/1.1" 404 2183
[26/Mar/2018 17:22:31] "POST /admin/query/stubinfo/ HTTP/1.1" 200 3386
Not Found: /favicon.ico
[26/Mar/2018 17:22:31] "GET /favicon.ico HTTP/1.1" 404 2183
[26/Mar/2018 17:22:33] "POST /admin/query/stubinfo/ HTTP/1.1" 302 0
[26/Mar/2018 17:22:33] "GET /admin/query/stubinfo/ HTTP/1.1" 200 5390
[26/Mar/2018 17:22:33] "GET /admin/jsi18n/ HTTP/1.1" 200 7684
Not Found: /favicon.ico
[26/Mar/2018 17:22:33] "GET /favicon.ico HTTP/1.1" 404 2183
[26/Mar/2018 17:22:34] "GET /admin/query/stubinfo/ HTTP/1.1" 200 5261
[26/Mar/2018 17:22:34] "GET /admin/jsi18n/ HTTP/1.1" 200 7684
Not Found: /favicon.ico
[26/Mar/2018 17:22:34] "GET /favicon.ico HTTP/1.1" 404 2183
[26/Mar/2018 17:22:36] "GET /admin/query/ HTTP/1.1" 200 3256
Not Found: /favicon.ico
[26/Mar/2018 17:22:36] "GET /favicon.ico HTTP/1.1" 404 2183
[26/Mar/2018 17:22:37] "GET /admin/query/record/ HTTP/1.1" 200 5731
[26/Mar/2018 17:22:37] "GET /admin/jsi18n/ HTTP/1.1" 200 7684
Not Found: /favicon.ico
[26/Mar/2018 17:22:37] "GET /favicon.ico HTTP/1.1" 404 2183
[26/Mar/2018 17:38:57] "POST /query/report/ HTTP/1.1" 200 69
[26/Mar/2018 17:39:20] "GET /admin/query/record/ HTTP/1.1" 200 6255
[26/Mar/2018 17:39:20] "GET /static/admin/css/base.css HTTP/1.1" 304 0
[26/Mar/2018 17:39:20] "GET /static/admin/css/fonts.css HTTP/1.1" 304 0
[26/Mar/2018 17:39:20] "GET /static/admin/css/changelists.css HTTP/1.1" 304 0
[26/Mar/2018 17:39:20] "GET /admin/jsi18n/ HTTP/1.1" 200 7684
[26/Mar/2018 17:39:20] "GET /static/admin/js/vendor/jquery/jquery.js HTTP/1.1" 304 0
[26/Mar/2018 17:39:20] "GET /static/admin/js/jquery.init.js HTTP/1.1" 304 0
[26/Mar/2018 17:39:20] "GET /static/admin/js/core.js HTTP/1.1" 304 0
[26/Mar/2018 17:39:20] "GET /static/admin/js/admin/RelatedObjectLookups.js HTTP/1.1" 304 0
[26/Mar/2018 17:39:20] "GET /static/admin/js/actions.js HTTP/1.1" 304 0
[26/Mar/2018 17:39:20] "GET /static/admin/js/urlify.js HTTP/1.1" 304 0
[26/Mar/2018 17:39:20] "GET /static/admin/js/prepopulate.js HTTP/1.1" 304 0
[26/Mar/2018 17:39:20] "GET /static/admin/js/vendor/xregexp/xregexp.js HTTP/1.1" 304 0
[26/Mar/2018 17:39:20] "GET /static/admin/fonts/Roboto-Light-webfont.woff HTTP/1.1" 304 0
[26/Mar/2018 17:39:20] "GET /static/admin/fonts/Roboto-Regular-webfont.woff HTTP/1.1" 304 0
[26/Mar/2018 17:39:20] "GET /static/admin/css/responsive.css HTTP/1.1" 304 0
[26/Mar/2018 17:39:20] "GET /static/admin/img/icon-no.svg HTTP/1.1" 304 0
[26/Mar/2018 17:39:20] "GET /static/admin/img/search.svg HTTP/1.1" 304 0
[26/Mar/2018 17:39:20] "GET /static/admin/fonts/Roboto-Bold-webfont.woff HTTP/1.1" 304 0
Not Found: /favicon.ico
[26/Mar/2018 17:39:20] "GET /favicon.ico HTTP/1.1" 404 2183
[26/Mar/2018 17:39:20] "GET /static/admin/img/tooltag-add.svg HTTP/1.1" 304 0
[26/Mar/2018 17:39:25] "GET /admin/query/record/10/change/ HTTP/1.1" 200 8369
[26/Mar/2018 17:39:25] "GET /admin/jsi18n/ HTTP/1.1" 200 7684
Not Found: /favicon.ico
[26/Mar/2018 17:39:25] "GET /favicon.ico HTTP/1.1" 404 2183
[26/Mar/2018 17:39:28] "GET /admin/query/record/ HTTP/1.1" 200 6255
[26/Mar/2018 17:39:28] "GET /admin/jsi18n/ HTTP/1.1" 200 7684
Not Found: /favicon.ico
[26/Mar/2018 17:39:28] "GET /favicon.ico HTTP/1.1" 404 2183
[26/Mar/2018 17:39:35] "POST /admin/query/record/ HTTP/1.1" 200 3408
Not Found: /favicon.ico
[26/Mar/2018 17:39:36] "GET /favicon.ico HTTP/1.1" 404 2183
[26/Mar/2018 17:39:37] "POST /admin/query/record/ HTTP/1.1" 302 0
[26/Mar/2018 17:39:37] "GET /admin/query/record/ HTTP/1.1" 200 5857
[26/Mar/2018 17:39:37] "GET /admin/jsi18n/ HTTP/1.1" 200 7684
Not Found: /favicon.ico
[26/Mar/2018 17:39:37] "GET /favicon.ico HTTP/1.1" 404 2183
[26/Mar/2018 17:47:26] "POST /query/report/ HTTP/1.1" 200 69
Not Found: /http:/www.baidu.com/cache/global/img/gs.gif
[26/Mar/2018 21:37:17] "GET http://www.baidu.com/cache/global/img/gs.gif HTTP/1.1" 404 1738
[26/Mar/2018 23:09:36] "GET /admin/query/record/ HTTP/1.1" 200 6257
[26/Mar/2018 23:09:36] "GET /static/admin/css/base.css HTTP/1.1" 304 0
[26/Mar/2018 23:09:36] "GET /static/admin/css/changelists.css HTTP/1.1" 304 0
[26/Mar/2018 23:09:36] "GET /admin/jsi18n/ HTTP/1.1" 200 7684
[26/Mar/2018 23:09:36] "GET /static/admin/css/fonts.css HTTP/1.1" 304 0
[26/Mar/2018 23:09:36] "GET /static/admin/js/vendor/jquery/jquery.js HTTP/1.1" 304 0
[26/Mar/2018 23:09:36] "GET /static/admin/js/jquery.init.js HTTP/1.1" 304 0
[26/Mar/2018 23:09:36] "GET /static/admin/js/core.js HTTP/1.1" 304 0
[26/Mar/2018 23:09:36] "GET /static/admin/js/admin/RelatedObjectLookups.js HTTP/1.1" 304 0
[26/Mar/2018 23:09:36] "GET /static/admin/js/actions.js HTTP/1.1" 304 0
[26/Mar/2018 23:09:36] "GET /static/admin/js/urlify.js HTTP/1.1" 304 0
[26/Mar/2018 23:09:36] "GET /static/admin/js/prepopulate.js HTTP/1.1" 304 0
[26/Mar/2018 23:09:36] "GET /static/admin/js/vendor/xregexp/xregexp.js HTTP/1.1" 304 0
[26/Mar/2018 23:09:36] "GET /static/admin/css/responsive.css HTTP/1.1" 304 0
[26/Mar/2018 23:09:36] "GET /static/admin/fonts/Roboto-Bold-webfont.woff HTTP/1.1" 304 0
[26/Mar/2018 23:09:36] "GET /static/admin/img/search.svg HTTP/1.1" 304 0
[26/Mar/2018 23:09:36] "GET /static/admin/fonts/Roboto-Regular-webfont.woff HTTP/1.1" 304 0
[26/Mar/2018 23:09:36] "GET /static/admin/fonts/Roboto-Light-webfont.woff HTTP/1.1" 304 0
[26/Mar/2018 23:09:36] "GET /static/admin/img/icon-no.svg HTTP/1.1" 304 0
[26/Mar/2018 23:09:36] "GET /static/admin/img/tooltag-add.svg HTTP/1.1" 304 0
Not Found: /favicon.ico
[26/Mar/2018 23:09:36] "GET /favicon.ico HTTP/1.1" 404 2183
[26/Mar/2018 23:09:45] "GET /admin/query/record/ HTTP/1.1" 200 6257
[26/Mar/2018 23:09:45] "GET /admin/jsi18n/ HTTP/1.1" 200 7684
Not Found: /favicon.ico
[26/Mar/2018 23:09:45] "GET /favicon.ico HTTP/1.1" 404 2183
[26/Mar/2018 23:09:48] "GET /admin/query/ HTTP/1.1" 200 3256
Not Found: /favicon.ico
[26/Mar/2018 23:09:48] "GET /favicon.ico HTTP/1.1" 404 2183
[26/Mar/2018 23:09:51] "GET /admin/query/stubinfo/ HTTP/1.1" 200 5261
[26/Mar/2018 23:09:51] "GET /admin/jsi18n/ HTTP/1.1" 200 7684
Not Found: /favicon.ico
[26/Mar/2018 23:09:51] "GET /favicon.ico HTTP/1.1" 404 2183
[26/Mar/2018 23:09:54] "GET /admin/query/stubinfo/3/change/ HTTP/1.1" 200 8647
[26/Mar/2018 23:09:54] "GET /static/admin/js/change_form.js HTTP/1.1" 304 0
[26/Mar/2018 23:09:54] "GET /admin/jsi18n/ HTTP/1.1" 200 7684
[26/Mar/2018 23:09:54] "GET /static/admin/js/prepopulate_init.js HTTP/1.1" 304 0
[26/Mar/2018 23:09:54] "GET /static/admin/css/forms.css HTTP/1.1" 304 0
[26/Mar/2018 23:09:54] "GET /static/admin/css/widgets.css HTTP/1.1" 304 0
Not Found: /favicon.ico
[26/Mar/2018 23:09:54] "GET /favicon.ico HTTP/1.1" 404 2183
[27/Mar/2018 00:04:31] "GET /admin/ HTTP/1.1" 200 8036
[27/Mar/2018 00:04:31] "GET /static/admin/css/dashboard.css HTTP/1.1" 304 0
[27/Mar/2018 00:04:31] "GET /static/admin/img/icon-addlink.svg HTTP/1.1" 304 0
[27/Mar/2018 00:04:31] "GET /static/admin/img/icon-deletelink.svg HTTP/1.1" 304 0
Not Found: /favicon.ico
[27/Mar/2018 00:04:31] "GET /favicon.ico HTTP/1.1" 404 2183
[27/Mar/2018 00:04:31] "GET /static/admin/img/icon-changelink.svg HTTP/1.1" 304 0
[27/Mar/2018 00:04:33] "GET /admin/query/stubinfo/ HTTP/1.1" 200 5261
[27/Mar/2018 00:04:33] "GET /admin/jsi18n/ HTTP/1.1" 200 7684
Not Found: /favicon.ico
[27/Mar/2018 00:04:33] "GET /favicon.ico HTTP/1.1" 404 2183
[27/Mar/2018 00:04:36] "GET /admin/query/stubinfo/3/change/ HTTP/1.1" 200 9687
[27/Mar/2018 00:04:36] "GET /static/admin/js/admin/DateTimeShortcuts.js HTTP/1.1" 304 0
[27/Mar/2018 00:04:36] "GET /static/admin/js/calendar.js HTTP/1.1" 304 0
[27/Mar/2018 00:04:36] "GET /admin/jsi18n/ HTTP/1.1" 200 7684
Not Found: /favicon.ico
[27/Mar/2018 00:04:36] "GET /favicon.ico HTTP/1.1" 404 2183
[27/Mar/2018 00:04:36] "GET /static/admin/img/icon-clock.svg HTTP/1.1" 304 0
[27/Mar/2018 00:04:36] "GET /static/admin/img/calendar-icons.svg HTTP/1.1" 304 0
[27/Mar/2018 00:04:36] "GET /static/admin/img/icon-calendar.svg HTTP/1.1" 304 0
[27/Mar/2018 00:04:38] "GET /admin/query/stubinfo/ HTTP/1.1" 200 5261
[27/Mar/2018 00:04:39] "GET /admin/jsi18n/ HTTP/1.1" 200 7684
Not Found: /favicon.ico
[27/Mar/2018 00:04:39] "GET /favicon.ico HTTP/1.1" 404 2183
[27/Mar/2018 00:04:40] "GET /admin/ HTTP/1.1" 200 8036
Not Found: /favicon.ico
[27/Mar/2018 00:04:40] "GET /favicon.ico HTTP/1.1" 404 2183
[27/Mar/2018 00:04:42] "GET /admin/query/record/ HTTP/1.1" 200 6257
[27/Mar/2018 00:04:42] "GET /admin/jsi18n/ HTTP/1.1" 200 7684
Not Found: /favicon.ico
[27/Mar/2018 00:04:42] "GET /favicon.ico HTTP/1.1" 404 2183
[27/Mar/2018 00:04:48] "GET /admin/ HTTP/1.1" 200 8036
Not Found: /favicon.ico
[27/Mar/2018 00:04:48] "GET /favicon.ico HTTP/1.1" 404 2183
[27/Mar/2018 00:04:49] "GET /admin/query/boardinfo/ HTTP/1.1" 200 3318
[27/Mar/2018 00:04:49] "GET /admin/jsi18n/ HTTP/1.1" 200 7684
Not Found: /favicon.ico
[27/Mar/2018 00:04:49] "GET /favicon.ico HTTP/1.1" 404 2183
[27/Mar/2018 00:04:51] "GET /admin/ HTTP/1.1" 200 8036
Not Found: /favicon.ico
[27/Mar/2018 00:04:51] "GET /favicon.ico HTTP/1.1" 404 2183
[27/Mar/2018 00:04:54] "GET /admin/query/stubinfo/ HTTP/1.1" 200 5261
[27/Mar/2018 00:04:54] "GET /admin/jsi18n/ HTTP/1.1" 200 7684
Not Found: /favicon.ico
[27/Mar/2018 00:04:54] "GET /favicon.ico HTTP/1.1" 404 2183
[27/Mar/2018 00:04:55] "GET /admin/ HTTP/1.1" 200 8036
Not Found: /favicon.ico
[27/Mar/2018 00:04:56] "GET /favicon.ico HTTP/1.1" 404 2183
[27/Mar/2018 00:04:57] "GET /admin/query/stubinfo/ HTTP/1.1" 200 5261
[27/Mar/2018 00:04:57] "GET /admin/jsi18n/ HTTP/1.1" 200 7684
Not Found: /favicon.ico
[27/Mar/2018 00:04:57] "GET /favicon.ico HTTP/1.1" 404 2183
[27/Mar/2018 00:04:58] "GET /admin/query/stubinfo/3/change/ HTTP/1.1" 200 9687
[27/Mar/2018 00:04:58] "GET /admin/jsi18n/ HTTP/1.1" 200 7684
Not Found: /favicon.ico
[27/Mar/2018 00:04:58] "GET /favicon.ico HTTP/1.1" 404 2183
[27/Mar/2018 00:05:01] "GET /admin/query/stubinfo/ HTTP/1.1" 200 5261
[27/Mar/2018 00:05:01] "GET /admin/jsi18n/ HTTP/1.1" 200 7684
Not Found: /favicon.ico
[27/Mar/2018 00:05:01] "GET /favicon.ico HTTP/1.1" 404 2183
Performing system checks...

System check identified no issues (0 silenced).
March 27, 2018 - 00:04:21
Django version 2.0.3, using settings 'ruisu.settings'
Starting development server at http://0:80/
Quit the server with CONTROL-C.
[27/Mar/2018 00:08:05] "GET /admin/query/stubinfo/ HTTP/1.1" 200 5481
[27/Mar/2018 00:08:05] "GET /static/admin/css/changelists.css HTTP/1.1" 304 0
[27/Mar/2018 00:08:05] "GET /static/admin/css/base.css HTTP/1.1" 304 0
[27/Mar/2018 00:08:05] "GET /admin/jsi18n/ HTTP/1.1" 200 7684
[27/Mar/2018 00:08:05] "GET /static/admin/css/fonts.css HTTP/1.1" 304 0
[27/Mar/2018 00:08:05] "GET /static/admin/js/vendor/jquery/jquery.js HTTP/1.1" 304 0
[27/Mar/2018 00:08:05] "GET /static/admin/js/jquery.init.js HTTP/1.1" 304 0
[27/Mar/2018 00:08:05] "GET /static/admin/js/core.js HTTP/1.1" 304 0
[27/Mar/2018 00:08:05] "GET /static/admin/js/admin/RelatedObjectLookups.js HTTP/1.1" 304 0
[27/Mar/2018 00:08:05] "GET /static/admin/js/actions.js HTTP/1.1" 304 0
[27/Mar/2018 00:08:05] "GET /static/admin/js/urlify.js HTTP/1.1" 304 0
[27/Mar/2018 00:08:05] "GET /static/admin/js/prepopulate.js HTTP/1.1" 304 0
[27/Mar/2018 00:08:05] "GET /static/admin/js/vendor/xregexp/xregexp.js HTTP/1.1" 304 0
[27/Mar/2018 00:08:05] "GET /static/admin/css/responsive.css HTTP/1.1" 304 0
[27/Mar/2018 00:08:05] "GET /static/admin/img/search.svg HTTP/1.1" 304 0
[27/Mar/2018 00:08:05] "GET /static/admin/fonts/Roboto-Light-webfont.woff HTTP/1.1" 304 0
[27/Mar/2018 00:08:05] "GET /static/admin/fonts/Roboto-Bold-webfont.woff HTTP/1.1" 304 0
[27/Mar/2018 00:08:05] "GET /static/admin/fonts/Roboto-Regular-webfont.woff HTTP/1.1" 304 0
[27/Mar/2018 00:08:05] "GET /static/admin/img/tooltag-add.svg HTTP/1.1" 304 0
Not Found: /favicon.ico
[27/Mar/2018 00:08:05] "GET /favicon.ico HTTP/1.1" 404 2183
[27/Mar/2018 00:08:15] "GET /admin/query/stubinfo/3/change/ HTTP/1.1" 200 9687
[27/Mar/2018 00:08:15] "GET /admin/jsi18n/ HTTP/1.1" 200 7684
Not Found: /favicon.ico
[27/Mar/2018 00:08:15] "GET /favicon.ico HTTP/1.1" 404 2183
[27/Mar/2018 00:08:24] "GET /admin/query/stubinfo/ HTTP/1.1" 200 5481
[27/Mar/2018 00:08:24] "GET /admin/jsi18n/ HTTP/1.1" 200 7684
Not Found: /favicon.ico
[27/Mar/2018 00:08:24] "GET /favicon.ico HTTP/1.1" 404 2183
